{"/var/www/html/senior love/senior-love-back/src/middlewares/isErrorHandlerMiddleware.js": {"path":"/var/www/html/senior love/senior-love-back/src/middlewares/isErrorHandlerMiddleware.js","statementMap":{"0":{"start":{"line":2,"column":28},"end":{"line":20,"column":1}},"1":{"start":{"line":2,"column":44},"end":{"line":20,"column":1}},"2":{"start":{"line":3,"column":2},"end":{"line":19,"column":3}},"3":{"start":{"line":4,"column":4},"end":{"line":4,"column":35}},"4":{"start":{"line":6,"column":4},"end":{"line":18,"column":5}},"5":{"start":{"line":7,"column":6},"end":{"line":7,"column":46}},"6":{"start":{"line":8,"column":6},"end":{"line":8,"column":51}},"7":{"start":{"line":9,"column":11},"end":{"line":18,"column":5}},"8":{"start":{"line":10,"column":6},"end":{"line":10,"column":43}},"9":{"start":{"line":11,"column":6},"end":{"line":11,"column":47}},"10":{"start":{"line":12,"column":10},"end":{"line":18,"column":5}},"11":{"start":{"line":13,"column":6},"end":{"line":13,"column":47}},"12":{"start":{"line":14,"column":6},"end":{"line":14,"column":52}},"13":{"start":{"line":16,"column":6},"end":{"line":16,"column":55}},"14":{"start":{"line":17,"column":6},"end":{"line":17,"column":58}}},"fnMap":{"0":{"name":"(anonymous_0)","decl":{"start":{"line":2,"column":28},"end":{"line":2,"column":29}},"loc":{"start":{"line":2,"column":44},"end":{"line":20,"column":1}},"line":2},"1":{"name":"(anonymous_1)","decl":{"start":{"line":2,"column":44},"end":{"line":2,"column":45}},"loc":{"start":{"line":2,"column":69},"end":{"line":20,"column":1}},"line":2}},"branchMap":{"0":{"loc":{"start":{"line":6,"column":4},"end":{"line":18,"column":5}},"type":"if","locations":[{"start":{"line":6,"column":4},"end":{"line":18,"column":5}},{"start":{"line":9,"column":11},"end":{"line":18,"column":5}}],"line":6},"1":{"loc":{"start":{"line":9,"column":11},"end":{"line":18,"column":5}},"type":"if","locations":[{"start":{"line":9,"column":11},"end":{"line":18,"column":5}},{"start":{"line":12,"column":10},"end":{"line":18,"column":5}}],"line":9},"2":{"loc":{"start":{"line":12,"column":10},"end":{"line":18,"column":5}},"type":"if","locations":[{"start":{"line":12,"column":10},"end":{"line":18,"column":5}},{"start":{"line":15,"column":11},"end":{"line":18,"column":5}}],"line":12}},"s":{"0":1,"1":4,"2":4,"3":4,"4":4,"5":1,"6":1,"7":3,"8":1,"9":1,"10":2,"11":1,"12":1,"13":1,"14":1},"f":{"0":4,"1":4},"b":{"0":[1,3],"1":[1,2],"2":[1,1]},"_coverageSchema":"1a1c01bbd47fc00a2c39e90264f33305004495a9","hash":"3086a7acc207301002d6100295a956bfa9934d6a"}
}
